epoch,loss,mean_squared_error,val_loss,val_mean_squared_error
0,0.05687004324464444,0.05687004324464444,0.05102011924967743,0.05102011924967743
1,0.05523467181284432,0.05523467181284432,0.050764328674771465,0.050764328674771465
2,0.05532588464294218,0.05532588464294218,0.05093733945933099,0.05093733945933099
3,0.05586329197479746,0.05586329197479746,0.050465546297625855,0.050465546297625855
4,0.05500925531413594,0.05500925531413594,0.05156246410109676,0.05156246410109676
5,0.055118115137387895,0.055118115137387895,0.05045161553873466,0.05045161553873466
6,0.0551098514665108,0.0551098514665108,0.051893776250430027,0.051893776250430027
7,0.055121388578479875,0.055121388578479875,0.05048794097338732,0.05048794097338732
8,0.054959714416219455,0.054959714416219455,0.05049885546502012,0.05049885546502012
9,0.05491612049371703,0.05491612049371703,0.05134665246408146,0.05134665246408146
10,0.0551010367659787,0.0551010367659787,0.05083262472628401,0.05083262472628401
11,0.05514472184821458,0.05514472184821458,0.05045048154962178,0.05045048154962178
12,0.054902964496437445,0.054902964496437445,0.050917162262619685,0.050917162262619685
13,0.05512063654818769,0.05512063654818769,0.05070016454690351,0.05070016454690351
14,0.05529035306677974,0.05529035306677974,0.050818396621168806,0.050818396621168806
15,0.054796773325179716,0.054796773325179716,0.05112762692957543,0.05112762692957543
16,0.0549756997878081,0.0549756997878081,0.05065577553871733,0.05065577553871733
17,0.05512158779369601,0.05512158779369601,0.05070197094375124,0.05070197094375124
18,0.05503156985332971,0.05503156985332971,0.05055696897280331,0.05055696897280331
19,0.05492805291891267,0.05492805291891267,0.05072157684928523,0.05072157684928523
20,0.05499550537619933,0.05499550537619933,0.0506095688467702,0.0506095688467702
21,0.05482329763216137,0.05482329763216137,0.05050338898570492,0.05050338898570492
22,0.054878373931960114,0.054878373931960114,0.05092653199636306,0.05092653199636306
23,0.05494774943246318,0.05494774943246318,0.05051224952062162,0.05051224952062162
24,0.05472143056006602,0.05472143056006602,0.05073435225237447,0.05073435225237447
25,0.054999014692329394,0.054999014692329394,0.05099029120129461,0.05099029120129461
26,0.05484265399696533,0.05484265399696533,0.05155861943673629,0.05155861943673629
27,0.05510282655659374,0.05510282655659374,0.05046170916981422,0.05046170916981422
28,0.05494964963499897,0.05494964963499897,0.050455362922870194,0.050455362922870194
29,0.0548630335254145,0.0548630335254145,0.05081720518736312,0.05081720518736312
30,0.05485646993105402,0.05485646993105402,0.05055182052847858,0.05055182052847858
31,0.054934257520965084,0.054934257520965084,0.050478139985352756,0.050478139985352756
32,0.054902019612429354,0.054902019612429354,0.05092030377485431,0.05092030377485431
33,0.054934121603029254,0.054934121603029254,0.05084628055875118,0.05084628055875118
34,0.054746267643268,0.054746267643268,0.05046820172753472,0.05046820172753472
35,0.054950027282883056,0.054950027282883056,0.050581447683418025,0.050581447683418025
36,0.05483196112879982,0.05483196112879982,0.05073632333570948,0.05073632333570948
37,0.05481257109958621,0.05481257109958621,0.05062892459547864,0.05062892459547864
38,0.05506854195450471,0.05506854195450471,0.05088914295013707,0.05088914295013707
39,0.055086121295822146,0.055086121295822146,0.050502543781812376,0.050502543781812376
40,0.054881737862039134,0.054881737862039134,0.05053235170288155,0.05053235170288155
41,0.054877676279786014,0.054877676279786014,0.05055102913353879,0.05055102913353879
42,0.05478309034626932,0.05478309034626932,0.051694922876329374,0.051694922876329374
43,0.05475339201517056,0.05475339201517056,0.05238973213216433,0.05238973213216433
44,0.054969551105707976,0.054969551105707976,0.05053764291179295,0.05053764291179295
45,0.05489708868104032,0.05489708868104032,0.05086507619931721,0.05086507619931721
46,0.054807302456201745,0.054807302456201745,0.05079651301941619,0.05079651301941619
47,0.054919366078533795,0.054919366078533795,0.050554176502359605,0.050554176502359605
48,0.05493194452961088,0.05493194452961088,0.05057069855169035,0.05057069855169035
49,0.05477502158547543,0.05477502158547543,0.05072397474342814,0.05072397474342814
50,0.05489607504905471,0.05489607504905471,0.05046811167938778,0.05046811167938778
51,0.054858780917229455,0.054858780917229455,0.05050730284375067,0.05050730284375067
52,0.054816617992492794,0.054816617992492794,0.05052472441099011,0.05052472441099011
53,0.05485566232236068,0.05485566232236068,0.050982279846301444,0.050982279846301444
54,0.05490164542065444,0.05490164542065444,0.05089544843380841,0.05089544843380841
55,0.05483685125409498,0.05483685125409498,0.050463160653956805,0.050463160653956805
56,0.054719997355897575,0.054719997355897575,0.05058868111182864,0.05058868111182864
57,0.05484041612038424,0.05484041612038424,0.05046767271840229,0.05046767271840229
58,0.05479607903909356,0.05479607903909356,0.05050240158318327,0.05050240158318327
59,0.054725163787236235,0.054725163787236235,0.05047435641575318,0.05047435641575318
60,0.054859214605976696,0.054859214605976696,0.050493597540144736,0.050493597540144736
61,0.05478466973432402,0.05478466973432402,0.05045590695853417,0.05045590695853417
62,0.05477119597357699,0.05477119597357699,0.05046096590275948,0.05046096590275948
63,0.05474221358396549,0.05474221358396549,0.05046512446939372,0.05046512446939372
64,0.05482527747524347,0.05482527747524347,0.0504646035663497,0.0504646035663497
65,0.054719878173967416,0.054719878173967416,0.05168218955111045,0.05168218955111045
66,0.05485562852380175,0.05485562852380175,0.050460053862144166,0.050460053862144166
67,0.05483255002297262,0.05483255002297262,0.05051671572101231,0.05051671572101231
68,0.05478043603412745,0.05478043603412745,0.05046599265187979,0.05046599265187979
69,0.05474513770032342,0.05474513770032342,0.05081336613959418,0.05081336613959418
70,0.05475144932702717,0.05475144932702717,0.05059819975867867,0.05059819975867867
71,0.05470142016455168,0.05470142016455168,0.05140269035473466,0.05140269035473466
72,0.054892265890742385,0.054892265890742385,0.05050177666215369,0.05050177666215369
73,0.05486989647390096,0.05486989647390096,0.05061042386536988,0.05061042386536988
74,0.05475742753980793,0.05475742753980793,0.050484535886118044,0.050484535886118044
75,0.0548008689592868,0.0548008689592868,0.05046323025957323,0.05046323025957323
76,0.05478642879327986,0.05478642879327986,0.05065358357790571,0.05065358357790571
77,0.05481565300109572,0.05481565300109572,0.05047373328931057,0.05047373328931057
78,0.05484998267646142,0.05484998267646142,0.050457536450658855,0.050457536450658855
79,0.05478715065939961,0.05478715065939961,0.05065969252027571,0.05065969252027571
80,0.054798969701973926,0.054798969701973926,0.050459759582120636,0.050459759582120636
81,0.05477781596623787,0.05477781596623787,0.050463894493161486,0.050463894493161486
82,0.05477803822865392,0.05477803822865392,0.05061979802468648,0.05061979802468648
83,0.05492493604415544,0.05492493604415544,0.050463771135904466,0.050463771135904466
84,0.05486311706952844,0.05486311706952844,0.050555137208161446,0.050555137208161446
85,0.054791254278036744,0.054791254278036744,0.051023652268430364,0.051023652268430364
86,0.054796449559414394,0.054796449559414394,0.05053435650725777,0.05053435650725777
87,0.0547472615429531,0.0547472615429531,0.05047206786246254,0.05047206786246254
88,0.05476872630909816,0.05476872630909816,0.05057653996090476,0.05057653996090476
89,0.05478212143277083,0.05478212143277083,0.05090808673905065,0.05090808673905065
90,0.05485893621885418,0.05485893621885418,0.050533875919735204,0.050533875919735204
91,0.05477628964305037,0.05477628964305037,0.05089520246077042,0.05089520246077042
92,0.054761878591850735,0.054761878591850735,0.05046207432706769,0.05046207432706769
93,0.054725704311766744,0.054725704311766744,0.05060808420754396,0.05060808420754396
94,0.0547495574814622,0.0547495574814622,0.050556936057714316,0.050556936057714316
95,0.05476469819267845,0.05476469819267845,0.05076385405487739,0.05076385405487739
96,0.05484982762636661,0.05484982762636661,0.0505567975449734,0.0505567975449734
97,0.05476722231735355,0.05476722231735355,0.050606268758957206,0.050606268758957206
98,0.05478844619992643,0.05478844619992643,0.05046408427521013,0.05046408427521013
99,0.054739082536159944,0.054739082536159944,0.050472811319363806,0.050472811319363806
