epoch,loss,mean_squared_error,val_loss,val_mean_squared_error
0,0.0579284289108227,0.0579284289108227,0.050682230343898904,0.050682230343898904
1,0.05586374351775525,0.05586374351775525,0.05046965428269826,0.05046965428269826
2,0.05525556812934389,0.05525556812934389,0.050548930724079795,0.050548930724079795
3,0.05524371919883876,0.05524371919883876,0.05087775776807505,0.05087775776807505
4,0.05594404485518829,0.05594404485518829,0.05049911756068468,0.05049911756068468
5,0.05501726808613777,0.05501726808613777,0.05228765775592854,0.05228765775592854
6,0.05531411595047721,0.05531411595047721,0.05122883253587553,0.05122883253587553
7,0.05493404564099751,0.05493404564099751,0.051044624413435276,0.051044624413435276
8,0.05510442660010784,0.05510442660010784,0.050540030973318675,0.050540030973318675
9,0.05511620656552543,0.05511620656552543,0.05266534528121925,0.05266534528121925
10,0.055496747340072365,0.055496747340072365,0.05185424759984016,0.05185424759984016
11,0.05516583130850918,0.05516583130850918,0.050458406853991056,0.050458406853991056
12,0.055132827946809876,0.055132827946809876,0.050516572505092394,0.050516572505092394
13,0.05508191142124436,0.05508191142124436,0.05053007648899578,0.05053007648899578
14,0.05506177447000207,0.05506177447000207,0.05050558681026674,0.05050558681026674
15,0.05510799303470813,0.05510799303470813,0.05109511993717975,0.05109511993717975
16,0.05499161639906337,0.05499161639906337,0.050515383360191034,0.050515383360191034
17,0.05499776227638439,0.05499776227638439,0.050470853317528964,0.050470853317528964
18,0.054837103607430895,0.054837103607430895,0.05090885083549298,0.05090885083549298
19,0.05493208924491551,0.05493208924491551,0.05068939625500486,0.05068939625500486
20,0.054953797125747154,0.054953797125747154,0.05185740681436773,0.05185740681436773
21,0.05499626583406723,0.05499626583406723,0.05046149450354278,0.05046149450354278
22,0.054966976428817045,0.054966976428817045,0.050474745113975726,0.050474745113975726
23,0.054955485784571136,0.054955485784571136,0.050525997314029014,0.050525997314029014
24,0.0548500337511534,0.0548500337511534,0.051668867182273134,0.051668867182273134
25,0.05487469644646485,0.05487469644646485,0.050499415548088455,0.050499415548088455
26,0.05527025276123842,0.05527025276123842,0.05077120278102274,0.05077120278102274
27,0.054837240835087356,0.054837240835087356,0.05063289562956645,0.05063289562956645
28,0.05496258541475651,0.05496258541475651,0.05112784202210605,0.05112784202210605
29,0.05502020909206699,0.05502020909206699,0.05045850881232092,0.05045850881232092
30,0.05489825686623886,0.05489825686623886,0.050473105789233856,0.050473105789233856
31,0.0549583601271321,0.0549583601271321,0.05062213586285137,0.05062213586285137
32,0.05478256093318274,0.05478256093318274,0.05079815861983941,0.05079815861983941
33,0.0548984113850319,0.0548984113850319,0.05059322530690294,0.05059322530690294
34,0.0548824734590441,0.0548824734590441,0.050775055024916166,0.050775055024916166
35,0.05500180479884854,0.05500180479884854,0.05057599673119302,0.05057599673119302
36,0.05482323704257844,0.05482323704257844,0.0505054611282853,0.0505054611282853
37,0.05493624169300925,0.05493624169300925,0.05054382728054546,0.05054382728054546
38,0.05488961362614222,0.05488961362614222,0.05043684378123054,0.05043684378123054
39,0.05472554902999965,0.05472554902999965,0.050545209581748796,0.050545209581748796
40,0.054823691663909255,0.054823691663909255,0.05118660540319979,0.05118660540319979
41,0.05505978414650722,0.05505978414650722,0.05051119442885885,0.05051119442885885
42,0.05478591545427814,0.05478591545427814,0.05048254016571893,0.05048254016571893
43,0.054800948171790986,0.054800948171790986,0.050457445070004235,0.050457445070004235
44,0.05479142637303361,0.05479142637303361,0.05114144203969492,0.05114144203969492
45,0.054905418263343636,0.054905418263343636,0.051223055728209704,0.051223055728209704
46,0.05496933930870115,0.05496933930870115,0.05054127819692859,0.05054127819692859
47,0.05496552328538751,0.05496552328538751,0.05071567420919354,0.05071567420919354
48,0.054822146688676,0.054822146688676,0.05043803620367096,0.05043803620367096
49,0.054841428234364796,0.054841428234364796,0.0511376808433292,0.0511376808433292
50,0.05485466188642827,0.05485466188642827,0.05043963479737823,0.05043963479737823
51,0.054932916142863705,0.054932916142863705,0.05047875282784494,0.05047875282784494
52,0.05478244051654964,0.05478244051654964,0.05065342829777644,0.05065342829777644
53,0.054850407547540954,0.054850407547540954,0.05067734085381604,0.05067734085381604
54,0.05498691334229627,0.05498691334229627,0.05043862733560113,0.05043862733560113
55,0.054783839559426555,0.054783839559426555,0.050456554893977365,0.050456554893977365
56,0.0548297912120692,0.0548297912120692,0.050474407624166745,0.050474407624166745
57,0.05491855247548563,0.05491855247548563,0.05044115073262499,0.05044115073262499
58,0.05477399863099719,0.05477399863099719,0.05125669427932455,0.05125669427932455
59,0.05470384066243557,0.05470384066243557,0.05048354267715835,0.05048354267715835
60,0.05480363461974672,0.05480363461974672,0.05045996192986002,0.05045996192986002
61,0.054686307578791775,0.054686307578791775,0.051116000903913605,0.051116000903913605
62,0.05475156282349888,0.05475156282349888,0.05061292376440878,0.05061292376440878
63,0.054908232740904304,0.054908232740904304,0.050458944785910155,0.050458944785910155
64,0.054888697238266115,0.054888697238266115,0.05045217502718935,0.05045217502718935
65,0.05483685267237062,0.05483685267237062,0.05044844225049019,0.05044844225049019
66,0.05480968087004333,0.05480968087004333,0.05054301630633955,0.05054301630633955
67,0.054995099116567754,0.054995099116567754,0.050650455018218896,0.050650455018218896
68,0.05477451528666342,0.05477451528666342,0.050442401738837364,0.050442401738837364
69,0.05474295181541527,0.05474295181541527,0.0505152837265856,0.0505152837265856
70,0.054829826642483565,0.054829826642483565,0.05057618422075533,0.05057618422075533
71,0.05490472879604095,0.05490472879604095,0.050473650007580334,0.050473650007580334
72,0.05488437807085502,0.05488437807085502,0.05098383676690551,0.05098383676690551
73,0.054853934264245174,0.054853934264245174,0.05073539531933,0.05073539531933
74,0.055053798900597244,0.055053798900597244,0.05068140685056838,0.05068140685056838
75,0.054763509549714186,0.054763509549714186,0.05044405183468301,0.05044405183468301
76,0.054831352922425566,0.054831352922425566,0.050492828321428256,0.050492828321428256
77,0.05476754440890051,0.05476754440890051,0.05044678978335399,0.05044678978335399
78,0.05477954939473751,0.05477954939473751,0.050465698189173756,0.050465698189173756
79,0.054771605754627264,0.054771605754627264,0.0509577704521899,0.0509577704521899
80,0.05472423920654567,0.05472423920654567,0.05056381457700179,0.05056381457700179
81,0.054797251447346845,0.054797251447346845,0.051364374787618336,0.051364374787618336
82,0.054878340280788876,0.054878340280788876,0.050977111840620634,0.050977111840620634
83,0.05484221369960076,0.05484221369960076,0.050451713435065285,0.050451713435065285
84,0.0548846172607925,0.0548846172607925,0.0505955955479294,0.0505955955479294
85,0.05475341202989062,0.05475341202989062,0.05046450986813467,0.05046450986813467
86,0.054797710457653886,0.054797710457653886,0.05045797614953839,0.05045797614953839
87,0.05472672539521552,0.05472672539521552,0.05048395024899107,0.05048395024899107
88,0.05483126720103346,0.05483126720103346,0.05051676231221511,0.05051676231221511
89,0.05476309086627035,0.05476309086627035,0.0504532001948414,0.0504532001948414
90,0.0547645962039206,0.0547645962039206,0.050476037664338946,0.050476037664338946
91,0.054817954746856704,0.054817954746856704,0.050481925571623905,0.050481925571623905
92,0.05478111232302817,0.05478111232302817,0.05044720148166212,0.05044720148166212
93,0.054845625557158974,0.054845625557158974,0.05045032668142364,0.05045032668142364
94,0.054837390030272,0.054837390030272,0.05060702980352709,0.05060702980352709
95,0.05472828747006961,0.05472828747006961,0.05048294610415514,0.05048294610415514
96,0.054761217396509534,0.054761217396509534,0.05045243168536287,0.05045243168536287
97,0.0547420871517961,0.0547420871517961,0.050611442610478174,0.050611442610478174
98,0.05479471386891071,0.05479471386891071,0.050575789916687285,0.050575789916687285
99,0.054753947085190144,0.054753947085190144,0.05055371465591284,0.05055371465591284
